[00:01:27] [Server thread/INFO] [net.minecraft.server.dedicated.DedicatedServer]: JMateossj has made the advancement [Best Friends Forever]
[00:01:31] [Server thread/INFO] [net.minecraft.server.dedicated.DedicatedServer]: Austiii_ was slain by Morock
[00:02:08] [Server thread/INFO] [net.minecraft.server.dedicated.DedicatedServer]: Austiii_ was slain by Ventoraptor
[00:02:25] [Server thread/INFO] [net.minecraft.server.dedicated.DedicatedServer]: JMateossj has made the advancement [Diamonds!]
[00:02:25] [Server thread/INFO] [net.minecraft.server.dedicated.DedicatedServer]: Austiii_ was slain by Morock
[00:02:33] [Server thread/INFO] [net.minecraft.server.dedicated.DedicatedServer]: Austiii_ was slain by Ventoraptor
[00:03:14] [Server thread/INFO] [net.minecraft.server.dedicated.DedicatedServer]: Austiii_ was slain by Morock
[00:03:27] [Server thread/INFO] [net.minecraft.server.dedicated.DedicatedServer]: Austiii_ was slain by Zombie
[00:03:44] [Server thread/INFO] [net.minecraft.server.dedicated.DedicatedServer]: Austiii_ was slain by Ventoraptor
[00:03:45] [Server thread/WARN] [net.minecraft.entity.EntityTrackerEntry]: Fetching addPacket for removed entity
[00:04:05] [Server thread/INFO] [net.minecraft.server.dedicated.DedicatedServer]: Austiii_ was slain by Barghest
[00:04:27] [Server thread/INFO] [net.minecraft.server.dedicated.DedicatedServer]: Austiii_ was slain by Morock
[00:05:00] [Server thread/INFO] [net.minecraft.server.dedicated.DedicatedServer]: Austiii_ was slain by Morock
[00:06:21] [Server thread/INFO] [net.minecraft.server.dedicated.DedicatedServer]: Austiii_ was slain by Morock
[00:06:35] [Server thread/INFO] [net.minecraft.server.dedicated.DedicatedServer]: JMateossj was slain by Zombie
[00:07:01] [Server thread/WARN] [net.minecraft.network.NetHandlerPlayServer]: JMateossj moved wrongly!
[00:08:56] [Server thread/INFO] [net.minecraft.server.dedicated.DedicatedServer]: Austiii_ was slain by Zoataur  Lvl 2
[00:16:09] [Server thread/INFO] [net.minecraft.server.dedicated.DedicatedServer]: Austiii_ was slain by Myrmex Soldier
[00:16:11] [Thread-177/INFO] [STDOUT]: [com.lycanitesmobs.LycanitesMobs:logInfo:278]: [LycanitesMobs] [Info] [] Online familiars loaded successfully for 0b382904-45df-335b-a331-aa050a2148e9.
[00:16:53] [Server thread/INFO] [STDERR]: [com.ferreusveritas.dynamictrees.entities.EntityFallingTree:setData:101]: Warning: Tried to create a EntityFallingTree with no branch blocks. This shouldn't be possible.
[00:16:53] [Server thread/INFO] [STDERR]: [com.ferreusveritas.dynamictrees.entities.EntityFallingTree:setData:102]: java.lang.Exception
[00:16:53] [Server thread/INFO] [STDERR]: [com.ferreusveritas.dynamictrees.entities.EntityFallingTree:setData:102]: 	at com.ferreusveritas.dynamictrees.entities.EntityFallingTree.setData(EntityFallingTree.java:102)
[00:16:53] [Server thread/INFO] [STDERR]: [com.ferreusveritas.dynamictrees.entities.EntityFallingTree:setData:102]: 	at com.ferreusveritas.dynamictrees.entities.EntityFallingTree.dropTree(EntityFallingTree.java:483)
[00:16:53] [Server thread/INFO] [STDERR]: [com.ferreusveritas.dynamictrees.entities.EntityFallingTree:setData:102]: 	at com.ferreusveritas.dynamictrees.blocks.BlockBranch.futureBreak(BlockBranch.java:432)
[00:16:53] [Server thread/INFO] [STDERR]: [com.ferreusveritas.dynamictrees.entities.EntityFallingTree:setData:102]: 	at com.ferreusveritas.dynamictrees.event.FutureBreak.process(FutureBreak.java:47)
[00:16:53] [Server thread/INFO] [STDERR]: [com.ferreusveritas.dynamictrees.entities.EntityFallingTree:setData:102]: 	at com.ferreusveritas.dynamictrees.event.CommonEventHandler.onWorldTick(CommonEventHandler.java:21)
[00:16:53] [Server thread/INFO] [STDERR]: [com.ferreusveritas.dynamictrees.entities.EntityFallingTree:setData:102]: 	at net.minecraftforge.fml.common.eventhandler.ASMEventHandler_938_CommonEventHandler_onWorldTick_WorldTickEvent.invoke(.dynamic)
[00:16:53] [Server thread/INFO] [STDERR]: [com.ferreusveritas.dynamictrees.entities.EntityFallingTree:setData:102]: 	at net.minecraftforge.fml.common.eventhandler.ASMEventHandler.invoke(ASMEventHandler.java:90)
[00:16:53] [Server thread/INFO] [STDERR]: [com.ferreusveritas.dynamictrees.entities.EntityFallingTree:setData:102]: 	at net.minecraftforge.fml.common.eventhandler.EventBus.post(EventBus.java:182)
[00:16:53] [Server thread/INFO] [STDERR]: [com.ferreusveritas.dynamictrees.entities.EntityFallingTree:setData:102]: 	at net.minecraftforge.fml.common.FMLCommonHandler.onPreWorldTick(FMLCommonHandler.java:287)
[00:16:53] [Server thread/INFO] [STDERR]: [com.ferreusveritas.dynamictrees.entities.EntityFallingTree:setData:102]: 	at net.minecraft.server.MinecraftServer.func_71190_q(MinecraftServer.java:752)
[00:16:53] [Server thread/INFO] [STDERR]: [com.ferreusveritas.dynamictrees.entities.EntityFallingTree:setData:102]: 	at net.minecraft.server.dedicated.DedicatedServer.func_71190_q(DedicatedServer.java:397)
[00:16:53] [Server thread/INFO] [STDERR]: [com.ferreusveritas.dynamictrees.entities.EntityFallingTree:setData:102]: 	at net.minecraft.server.MinecraftServer.func_71217_p(MinecraftServer.java:668)
[00:16:53] [Server thread/INFO] [STDERR]: [com.ferreusveritas.dynamictrees.entities.EntityFallingTree:setData:102]: 	at net.minecraft.server.MinecraftServer.run(MinecraftServer.java:526)
[00:16:53] [Server thread/INFO] [STDERR]: [com.ferreusveritas.dynamictrees.entities.EntityFallingTree:setData:102]: 	at java.lang.Thread.run(Thread.java:750)
[00:27:55] [Server thread/INFO] [net.minecraft.server.dedicated.DedicatedServer]: Austiii_ was slain by Siren
[00:28:56] [Server thread/INFO] [net.minecraft.server.dedicated.DedicatedServer]: Austiii_ was pummeled by Afrit
[00:29:02] [Server thread/INFO] [net.minecraft.server.dedicated.DedicatedServer]: JMateossj was burnt to a crisp whilst fighting Afrit
[00:29:04] [Thread-198/INFO] [STDOUT]: [com.lycanitesmobs.LycanitesMobs:logInfo:278]: [LycanitesMobs] [Info] [] Online familiars loaded successfully for 62a5d654-eb66-3a27-b4a6-b6836d2910b8.
[00:31:50] [Server thread/INFO] [net.minecraft.network.NetHandlerPlayServer]: Austiii_ lost connection: Disconnected
[00:31:50] [Server thread/INFO] [net.minecraft.server.dedicated.DedicatedServer]: Austiii_ left the game
